2025-12-31 10:20:03,830 : ----- Naukri Automation Started -----
2025-12-31 10:20:10,638 : Attempting Login...
2025-12-31 10:20:15,527 : Login Successful.
2025-12-31 10:20:15,529 : 
--- Starting Batch (Total Applied so far: 0) ---
2025-12-31 10:20:21,710 : Scanning Recommended Jobs...
2025-12-31 10:20:21,757 : Found 0 potential jobs.
2025-12-31 10:20:21,760 : No relevant jobs found in this pass. Sleeping for 5 mins before refresh...
2025-12-31 10:21:24,877 : Stopped by User.
2025-12-31 10:21:28,969 : Retrying (Retry(total=2, connect=None, read=None, redirect=None, status=None)) after connection broken by 'NewConnectionError("HTTPConnection(host='localhost', port=59880): Failed to establish a new connection: [WinError 10061] No connection could be made because the target machine actively refused it")': /session/1be09b23279025650588574a26511fe7
2025-12-31 12:58:14,490 : ----- Naukri Automation Started -----
2025-12-31 12:58:19,469 : Attempting Login...
2025-12-31 12:58:25,212 : Login Successful.
2025-12-31 12:58:25,214 : 
--- Starting Batch (Total Applied so far: 0) ---
2025-12-31 12:58:31,121 : Scanning Recommended Jobs...
2025-12-31 12:58:31,175 : Found 0 potential jobs.
2025-12-31 12:58:31,176 : No relevant jobs found in this pass. Sleeping for 5 mins before refresh...
2025-12-31 13:01:46,431 : ----- Naukri Automation Started -----
2025-12-31 13:01:51,929 : Attempting Login...
2025-12-31 13:01:55,319 : Login Successful.
2025-12-31 13:01:55,320 : 
--- Starting Batch (Total Applied so far: 0) ---
2025-12-31 13:02:01,471 : Scanning Recommended Jobs...
2025-12-31 13:02:01,529 : Found 0 potential jobs.
2025-12-31 13:02:01,533 : No relevant jobs found in this pass. Sleeping for 5 mins before refresh...
2025-12-31 13:02:33,469 : Stopped by User.
